{"C:\\Users\\Vishal Kumar\\Desktop\\Book-Rental-Application\\configs\\authkey.js": {"path":"C:\\Users\\Vishal Kumar\\Desktop\\Book-Rental-Application\\configs\\authkey.js","statementMap":{"0":{"start":{"line":1,"column":0},"end":{"line":1,"column":60}}},"fnMap":{},"branchMap":{},"s":{"0":1},"f":{},"b":{},"_coverageSchema":"1a1c01bbd47fc00a2c39e90264f33305004495a9","hash":"46b842b85b28b5791de9ac0d2ab3929b41180272"}
,"C:\\Users\\Vishal Kumar\\Desktop\\Book-Rental-Application\\controller\\usercontroller.js": {"path":"C:\\Users\\Vishal Kumar\\Desktop\\Book-Rental-Application\\controller\\usercontroller.js","statementMap":{"0":{"start":{"line":1,"column":20},"end":{"line":1,"column":50}},"1":{"start":{"line":2,"column":12},"end":{"line":2,"column":35}},"2":{"start":{"line":3,"column":15},"end":{"line":3,"column":32}},"3":{"start":{"line":4,"column":18},"end":{"line":4,"column":59}},"4":{"start":{"line":5,"column":12},"end":{"line":5,"column":41}},"5":{"start":{"line":6,"column":18},"end":{"line":6,"column":48}},"6":{"start":{"line":7,"column":9},"end":{"line":7,"column":28}},"7":{"start":{"line":8,"column":0},"end":{"line":39,"column":1}},"8":{"start":{"line":9,"column":4},"end":{"line":14,"column":6}},"9":{"start":{"line":10,"column":8},"end":{"line":13,"column":11}},"10":{"start":{"line":15,"column":18},"end":{"line":21,"column":6}},"11":{"start":{"line":23,"column":5},"end":{"line":23,"column":59}},"12":{"start":{"line":25,"column":5},"end":{"line":37,"column":6}},"13":{"start":{"line":26,"column":23},"end":{"line":26,"column":52}},"14":{"start":{"line":27,"column":11},"end":{"line":30,"column":14}},"15":{"start":{"line":32,"column":8},"end":{"line":32,"column":32}},"16":{"start":{"line":33,"column":8},"end":{"line":36,"column":10}},"17":{"start":{"line":42,"column":4},"end":{"line":44,"column":5}},"18":{"start":{"line":43,"column":8},"end":{"line":43,"column":20}},"19":{"start":{"line":45,"column":0},"end":{"line":45,"column":12}},"20":{"start":{"line":76,"column":0},"end":{"line":115,"column":1}},"21":{"start":{"line":77,"column":18},"end":{"line":77,"column":32}},"22":{"start":{"line":78,"column":17},"end":{"line":78,"column":30}},"23":{"start":{"line":79,"column":9},"end":{"line":114,"column":10}},"24":{"start":{"line":80,"column":31},"end":{"line":80,"column":69}},"25":{"start":{"line":81,"column":16},"end":{"line":86,"column":17}},"26":{"start":{"line":82,"column":20},"end":{"line":85,"column":22}},"27":{"start":{"line":87,"column":33},"end":{"line":87,"column":73}},"28":{"start":{"line":88,"column":16},"end":{"line":93,"column":17}},"29":{"start":{"line":89,"column":19},"end":{"line":92,"column":21}},"30":{"start":{"line":94,"column":32},"end":{"line":94,"column":52}},"31":{"start":{"line":95,"column":34},"end":{"line":97,"column":18}},"32":{"start":{"line":98,"column":16},"end":{"line":108,"column":17}},"33":{"start":{"line":110,"column":12},"end":{"line":110,"column":36}},"34":{"start":{"line":111,"column":12},"end":{"line":113,"column":14}},"35":{"start":{"line":116,"column":0},"end":{"line":144,"column":1}},"36":{"start":{"line":117,"column":17},"end":{"line":117,"column":19}},"37":{"start":{"line":118,"column":4},"end":{"line":120,"column":5}},"38":{"start":{"line":119,"column":8},"end":{"line":119,"column":34}},"39":{"start":{"line":121,"column":4},"end":{"line":123,"column":5}},"40":{"start":{"line":122,"column":8},"end":{"line":122,"column":34}},"41":{"start":{"line":124,"column":4},"end":{"line":126,"column":5}},"42":{"start":{"line":125,"column":8},"end":{"line":125,"column":36}},"43":{"start":{"line":127,"column":4},"end":{"line":129,"column":5}},"44":{"start":{"line":128,"column":8},"end":{"line":128,"column":38}},"45":{"start":{"line":130,"column":4},"end":{"line":143,"column":5}},"46":{"start":{"line":131,"column":23},"end":{"line":131,"column":49}},"47":{"start":{"line":132,"column":8},"end":{"line":136,"column":10}},"48":{"start":{"line":138,"column":8},"end":{"line":138,"column":32}},"49":{"start":{"line":139,"column":8},"end":{"line":142,"column":10}}},"fnMap":{"0":{"name":"(anonymous_0)","decl":{"start":{"line":8,"column":19},"end":{"line":8,"column":20}},"loc":{"start":{"line":8,"column":36},"end":{"line":39,"column":1}},"line":8},"1":{"name":"filedChecks","decl":{"start":{"line":41,"column":9},"end":{"line":41,"column":20}},"loc":{"start":{"line":41,"column":30},"end":{"line":46,"column":1}},"line":41},"2":{"name":"(anonymous_2)","decl":{"start":{"line":76,"column":22},"end":{"line":76,"column":23}},"loc":{"start":{"line":76,"column":40},"end":{"line":115,"column":1}},"line":76},"3":{"name":"(anonymous_3)","decl":{"start":{"line":116,"column":21},"end":{"line":116,"column":22}},"loc":{"start":{"line":116,"column":38},"end":{"line":144,"column":1}},"line":116}},"branchMap":{"0":{"loc":{"start":{"line":9,"column":4},"end":{"line":14,"column":6}},"type":"if","locations":[{"start":{"line":9,"column":4},"end":{"line":14,"column":6}},{"start":{},"end":{}}],"line":9},"1":{"loc":{"start":{"line":42,"column":4},"end":{"line":44,"column":5}},"type":"if","locations":[{"start":{"line":42,"column":4},"end":{"line":44,"column":5}},{"start":{},"end":{}}],"line":42},"2":{"loc":{"start":{"line":42,"column":7},"end":{"line":42,"column":84}},"type":"binary-expr","locations":[{"start":{"line":42,"column":7},"end":{"line":42,"column":21}},{"start":{"line":42,"column":25},"end":{"line":42,"column":43}},{"start":{"line":42,"column":47},"end":{"line":42,"column":65}},{"start":{"line":42,"column":69},"end":{"line":42,"column":84}}],"line":42},"3":{"loc":{"start":{"line":81,"column":16},"end":{"line":86,"column":17}},"type":"if","locations":[{"start":{"line":81,"column":16},"end":{"line":86,"column":17}},{"start":{},"end":{}}],"line":81},"4":{"loc":{"start":{"line":88,"column":16},"end":{"line":93,"column":17}},"type":"if","locations":[{"start":{"line":88,"column":16},"end":{"line":93,"column":17}},{"start":{},"end":{}}],"line":88},"5":{"loc":{"start":{"line":118,"column":4},"end":{"line":120,"column":5}},"type":"if","locations":[{"start":{"line":118,"column":4},"end":{"line":120,"column":5}},{"start":{},"end":{}}],"line":118},"6":{"loc":{"start":{"line":121,"column":4},"end":{"line":123,"column":5}},"type":"if","locations":[{"start":{"line":121,"column":4},"end":{"line":123,"column":5}},{"start":{},"end":{}}],"line":121},"7":{"loc":{"start":{"line":124,"column":4},"end":{"line":126,"column":5}},"type":"if","locations":[{"start":{"line":124,"column":4},"end":{"line":126,"column":5}},{"start":{},"end":{}}],"line":124},"8":{"loc":{"start":{"line":127,"column":4},"end":{"line":129,"column":5}},"type":"if","locations":[{"start":{"line":127,"column":4},"end":{"line":129,"column":5}},{"start":{},"end":{}}],"line":127}},"s":{"0":1,"1":1,"2":1,"3":1,"4":1,"5":1,"6":1,"7":1,"8":3,"9":1,"10":2,"11":2,"12":2,"13":2,"14":1,"15":1,"16":1,"17":3,"18":1,"19":2,"20":1,"21":4,"22":4,"23":4,"24":4,"25":3,"26":1,"27":2,"28":2,"29":1,"30":1,"31":1,"32":1,"33":1,"34":1,"35":1,"36":5,"37":5,"38":2,"39":5,"40":1,"41":5,"42":1,"43":5,"44":1,"45":5,"46":5,"47":4,"48":1,"49":1},"f":{"0":3,"1":3,"2":4,"3":5},"b":{"0":[1,2],"1":[1,2],"2":[3,3,2,2],"3":[1,2],"4":[1,1],"5":[2,3],"6":[1,4],"7":[1,4],"8":[1,4]},"_coverageSchema":"1a1c01bbd47fc00a2c39e90264f33305004495a9","hash":"a10c09279df1bdee1c55596e4ff757c26e6e49d7"}
,"C:\\Users\\Vishal Kumar\\Desktop\\Book-Rental-Application\\converter\\multiObjconverter.js": {"path":"C:\\Users\\Vishal Kumar\\Desktop\\Book-Rental-Application\\converter\\multiObjconverter.js","statementMap":{"0":{"start":{"line":1,"column":24},"end":{"line":14,"column":1}},"1":{"start":{"line":2,"column":17},"end":{"line":2,"column":19}},"2":{"start":{"line":3,"column":4},"end":{"line":12,"column":7}},"3":{"start":{"line":4,"column":21},"end":{"line":4,"column":45}},"4":{"start":{"line":5,"column":8},"end":{"line":11,"column":10}},"5":{"start":{"line":13,"column":4},"end":{"line":13,"column":16}},"6":{"start":{"line":15,"column":23},"end":{"line":27,"column":1}},"7":{"start":{"line":16,"column":17},"end":{"line":16,"column":19}},"8":{"start":{"line":17,"column":4},"end":{"line":25,"column":6}},"9":{"start":{"line":18,"column":8},"end":{"line":24,"column":10}},"10":{"start":{"line":26,"column":4},"end":{"line":26,"column":16}},"11":{"start":{"line":28,"column":0},"end":{"line":28,"column":47}}},"fnMap":{"0":{"name":"(anonymous_0)","decl":{"start":{"line":1,"column":24},"end":{"line":1,"column":25}},"loc":{"start":{"line":1,"column":33},"end":{"line":14,"column":1}},"line":1},"1":{"name":"(anonymous_1)","decl":{"start":{"line":3,"column":18},"end":{"line":3,"column":19}},"loc":{"start":{"line":3,"column":26},"end":{"line":12,"column":5}},"line":3},"2":{"name":"(anonymous_2)","decl":{"start":{"line":15,"column":23},"end":{"line":15,"column":24}},"loc":{"start":{"line":15,"column":31},"end":{"line":27,"column":1}},"line":15},"3":{"name":"(anonymous_3)","decl":{"start":{"line":17,"column":17},"end":{"line":17,"column":18}},"loc":{"start":{"line":17,"column":20},"end":{"line":25,"column":5}},"line":17}},"branchMap":{},"s":{"0":1,"1":0,"2":0,"3":0,"4":0,"5":0,"6":1,"7":0,"8":0,"9":0,"10":0,"11":1},"f":{"0":0,"1":0,"2":0,"3":0},"b":{},"_coverageSchema":"1a1c01bbd47fc00a2c39e90264f33305004495a9","hash":"dfa678a0cc15005eaa02a1efcf8b57db5b5e9747"}
,"C:\\Users\\Vishal Kumar\\Desktop\\Book-Rental-Application\\model\\user.model.js": {"path":"C:\\Users\\Vishal Kumar\\Desktop\\Book-Rental-Application\\model\\user.model.js","statementMap":{"0":{"start":{"line":1,"column":17},"end":{"line":1,"column":36}},"1":{"start":{"line":2,"column":19},"end":{"line":43,"column":2}},"2":{"start":{"line":33,"column":16},"end":{"line":33,"column":34}},"3":{"start":{"line":40,"column":12},"end":{"line":40,"column":30}},"4":{"start":{"line":44,"column":18},"end":{"line":44,"column":51}},"5":{"start":{"line":45,"column":0},"end":{"line":45,"column":27}}},"fnMap":{"0":{"name":"(anonymous_0)","decl":{"start":{"line":32,"column":20},"end":{"line":32,"column":21}},"loc":{"start":{"line":32,"column":24},"end":{"line":34,"column":13}},"line":32},"1":{"name":"(anonymous_1)","decl":{"start":{"line":39,"column":19},"end":{"line":39,"column":20}},"loc":{"start":{"line":39,"column":23},"end":{"line":41,"column":12}},"line":39}},"branchMap":{},"s":{"0":1,"1":1,"2":1,"3":1,"4":1,"5":1},"f":{"0":1,"1":1},"b":{},"_coverageSchema":"1a1c01bbd47fc00a2c39e90264f33305004495a9","hash":"57159de8f2fd2b807f15968f2f467ebb09b13410"}
,"C:\\Users\\Vishal Kumar\\Desktop\\Book-Rental-Application\\test\\db.js": {"path":"C:\\Users\\Vishal Kumar\\Desktop\\Book-Rental-Application\\test\\db.js","statementMap":{"0":{"start":{"line":1,"column":27},"end":{"line":1,"column":59}},"1":{"start":{"line":2,"column":30},"end":{"line":2,"column":49}},"2":{"start":{"line":4,"column":0},"end":{"line":8,"column":1}},"3":{"start":{"line":5,"column":4},"end":{"line":5,"column":46}},"4":{"start":{"line":6,"column":16},"end":{"line":6,"column":31}},"5":{"start":{"line":7,"column":4},"end":{"line":7,"column":32}},"6":{"start":{"line":9,"column":0},"end":{"line":15,"column":1}},"7":{"start":{"line":10,"column":17},"end":{"line":10,"column":54}},"8":{"start":{"line":11,"column":3},"end":{"line":14,"column":4}},"9":{"start":{"line":12,"column":23},"end":{"line":12,"column":40}},"10":{"start":{"line":13,"column":4},"end":{"line":13,"column":34}},"11":{"start":{"line":16,"column":0},"end":{"line":22,"column":1}},"12":{"start":{"line":17,"column":4},"end":{"line":17,"column":44}},"13":{"start":{"line":18,"column":4},"end":{"line":18,"column":39}},"14":{"start":{"line":19,"column":4},"end":{"line":21,"column":5}},"15":{"start":{"line":20,"column":8},"end":{"line":20,"column":22}}},"fnMap":{"0":{"name":"(anonymous_0)","decl":{"start":{"line":4,"column":19},"end":{"line":4,"column":20}},"loc":{"start":{"line":4,"column":29},"end":{"line":8,"column":1}},"line":4},"1":{"name":"(anonymous_1)","decl":{"start":{"line":9,"column":18},"end":{"line":9,"column":19}},"loc":{"start":{"line":9,"column":28},"end":{"line":15,"column":1}},"line":9},"2":{"name":"(anonymous_2)","decl":{"start":{"line":16,"column":18},"end":{"line":16,"column":19}},"loc":{"start":{"line":16,"column":28},"end":{"line":22,"column":1}},"line":16}},"branchMap":{"0":{"loc":{"start":{"line":19,"column":4},"end":{"line":21,"column":5}},"type":"if","locations":[{"start":{"line":19,"column":4},"end":{"line":21,"column":5}},{"start":{},"end":{}}],"line":19}},"s":{"0":1,"1":1,"2":1,"3":1,"4":1,"5":1,"6":1,"7":12,"8":12,"9":12,"10":12,"11":1,"12":1,"13":1,"14":1,"15":1},"f":{"0":1,"1":12,"2":1},"b":{"0":[1,0]},"_coverageSchema":"1a1c01bbd47fc00a2c39e90264f33305004495a9","hash":"46775c90ce2e8eb45763313725327e7d55ceb1dc"}
,"C:\\Users\\Vishal Kumar\\Desktop\\Book-Rental-Application\\test\\interceptor.js": {"path":"C:\\Users\\Vishal Kumar\\Desktop\\Book-Rental-Application\\test\\interceptor.js","statementMap":{"0":{"start":{"line":1,"column":0},"end":{"line":7,"column":1}},"1":{"start":{"line":2,"column":16},"end":{"line":2,"column":18}},"2":{"start":{"line":3,"column":5},"end":{"line":3,"column":47}},"3":{"start":{"line":4,"column":5},"end":{"line":4,"column":49}},"4":{"start":{"line":5,"column":5},"end":{"line":5,"column":48}},"5":{"start":{"line":6,"column":5},"end":{"line":6,"column":16}},"6":{"start":{"line":8,"column":0},"end":{"line":15,"column":1}},"7":{"start":{"line":9,"column":16},"end":{"line":9,"column":18}},"8":{"start":{"line":10,"column":4},"end":{"line":10,"column":48}},"9":{"start":{"line":11,"column":4},"end":{"line":11,"column":46}},"10":{"start":{"line":12,"column":4},"end":{"line":12,"column":45}},"11":{"start":{"line":13,"column":4},"end":{"line":13,"column":46}},"12":{"start":{"line":14,"column":4},"end":{"line":14,"column":15}}},"fnMap":{"0":{"name":"(anonymous_0)","decl":{"start":{"line":1,"column":22},"end":{"line":1,"column":23}},"loc":{"start":{"line":1,"column":26},"end":{"line":7,"column":1}},"line":1},"1":{"name":"(anonymous_1)","decl":{"start":{"line":8,"column":23},"end":{"line":8,"column":24}},"loc":{"start":{"line":8,"column":27},"end":{"line":15,"column":1}},"line":8}},"branchMap":{},"s":{"0":1,"1":12,"2":12,"3":12,"4":12,"5":12,"6":1,"7":12,"8":12,"9":12,"10":12,"11":12,"12":12},"f":{"0":12,"1":12},"b":{},"_coverageSchema":"1a1c01bbd47fc00a2c39e90264f33305004495a9","hash":"139cb2edda02ad2e3e7880f089f624c75efcf120"}
}
