TN:
SF:configs\authkey.js
FNF:0
FNH:0
DA:1,1
LF:1
LH:1
BRF:0
BRH:0
end_of_record
TN:
SF:controller\usercontroller.js
FN:8,(anonymous_0)
FN:41,filedChecks
FN:76,(anonymous_2)
FN:116,(anonymous_3)
FNF:4
FNH:4
FNDA:3,(anonymous_0)
FNDA:3,filedChecks
FNDA:4,(anonymous_2)
FNDA:5,(anonymous_3)
DA:1,1
DA:2,1
DA:3,1
DA:4,1
DA:5,1
DA:6,1
DA:7,1
DA:8,1
DA:9,3
DA:10,1
DA:15,2
DA:23,2
DA:25,2
DA:26,2
DA:27,1
DA:32,1
DA:33,1
DA:42,3
DA:43,1
DA:45,2
DA:76,1
DA:77,4
DA:78,4
DA:79,4
DA:80,4
DA:81,3
DA:82,1
DA:87,2
DA:88,2
DA:89,1
DA:94,1
DA:95,1
DA:98,1
DA:110,1
DA:111,1
DA:116,1
DA:117,5
DA:118,5
DA:119,2
DA:121,5
DA:122,1
DA:124,5
DA:125,1
DA:127,5
DA:128,1
DA:130,5
DA:131,5
DA:132,4
DA:138,1
DA:139,1
LF:50
LH:50
BRDA:9,0,0,1
BRDA:9,0,1,2
BRDA:42,1,0,1
BRDA:42,1,1,2
BRDA:42,2,0,3
BRDA:42,2,1,3
BRDA:42,2,2,2
BRDA:42,2,3,2
BRDA:81,3,0,1
BRDA:81,3,1,2
BRDA:88,4,0,1
BRDA:88,4,1,1
BRDA:118,5,0,2
BRDA:118,5,1,3
BRDA:121,6,0,1
BRDA:121,6,1,4
BRDA:124,7,0,1
BRDA:124,7,1,4
BRDA:127,8,0,1
BRDA:127,8,1,4
BRF:20
BRH:20
end_of_record
TN:
SF:converter\multiObjconverter.js
FN:1,(anonymous_0)
FN:3,(anonymous_1)
FN:15,(anonymous_2)
FN:17,(anonymous_3)
FNF:4
FNH:0
FNDA:0,(anonymous_0)
FNDA:0,(anonymous_1)
FNDA:0,(anonymous_2)
FNDA:0,(anonymous_3)
DA:1,1
DA:2,0
DA:3,0
DA:4,0
DA:5,0
DA:13,0
DA:15,1
DA:16,0
DA:17,0
DA:18,0
DA:26,0
DA:28,1
LF:12
LH:3
BRF:0
BRH:0
end_of_record
TN:
SF:model\user.model.js
FN:32,(anonymous_0)
FN:39,(anonymous_1)
FNF:2
FNH:2
FNDA:1,(anonymous_0)
FNDA:1,(anonymous_1)
DA:1,1
DA:2,1
DA:33,1
DA:40,1
DA:44,1
DA:45,1
LF:6
LH:6
BRF:0
BRH:0
end_of_record
TN:
SF:test\db.js
FN:4,(anonymous_0)
FN:9,(anonymous_1)
FN:16,(anonymous_2)
FNF:3
FNH:3
FNDA:1,(anonymous_0)
FNDA:12,(anonymous_1)
FNDA:1,(anonymous_2)
DA:1,1
DA:2,1
DA:4,1
DA:5,1
DA:6,1
DA:7,1
DA:9,1
DA:10,12
DA:11,12
DA:12,12
DA:13,12
DA:16,1
DA:17,1
DA:18,1
DA:19,1
DA:20,1
LF:16
LH:16
BRDA:19,0,0,1
BRDA:19,0,1,0
BRF:2
BRH:1
end_of_record
TN:
SF:test\interceptor.js
FN:1,(anonymous_0)
FN:8,(anonymous_1)
FNF:2
FNH:2
FNDA:12,(anonymous_0)
FNDA:12,(anonymous_1)
DA:1,1
DA:2,12
DA:3,12
DA:4,12
DA:5,12
DA:6,12
DA:8,1
DA:9,12
DA:10,12
DA:11,12
DA:12,12
DA:13,12
DA:14,12
LF:13
LH:13
BRF:0
BRH:0
end_of_record
